[2025-08-13 19:53:09] Gena: %s присоединился к чату
[2025-08-13 19:53:09] Gena: %s присоединился к чату
[2025-08-13 19:53:45] Masha: %s присоединился к чату
[2025-08-13 19:53:45] Masha: %s присоединился к чату
[2025-08-13 19:55:18] Gena: %s присоединился к чату
[2025-08-13 19:55:18] Gena: %s присоединился к чату
[2025-08-13 20:00:02] Masha: %s присоединился к чату
[2025-08-13 20:00:02] Masha: %s присоединился к чату
[2025-08-13 20:01:22] Masha: %s присоединился к чату
[2025-08-13 20:01:22] Masha: %s присоединился к чату
[2025-08-13 20:02:01] Gena: %s присоединился к чату
[2025-08-13 20:02:01] Gena: %s присоединился к чату
[2025-08-13 20:02:35] Alex: %s присоединился к чату
[2025-08-13 20:02:35] Alex: %s присоединился к чату
[2025-08-13 20:03:49] Bob: %s присоединился к чату
[2025-08-13 20:03:49] Bob: %s присоединился к чату
[2025-08-13 20:04:19] Alice: %s присоединился к чату
[2025-08-13 20:04:19] Alice: %s присоединился к чату
[2025-08-13 20:06:04] Alex: %s присоединился к чату
[2025-08-13 20:06:04] Alex: %s присоединился к чату
[2025-08-13 20:07:45] Alex: %s покинул(а) чат
[2025-08-13 20:08:09] Ольга: %s присоединился к чату
[2025-08-13 20:08:09] Ольга: %s присоединился к чату
[2025-08-13 20:09:14] fff: %s присоединился к чату
[2025-08-13 20:09:14] fff: %s присоединился к чату
[2025-08-13 20:10:51] fff: %s присоединился к чату
[2025-08-13 20:10:51] fff: %s присоединился к чату
[2025-08-13 20:10:54] ddd: %s присоединился к чату
[2025-08-13 20:10:54] ddd: %s присоединился к чату
[2025-08-13 20:10:54] ddd: %s присоединился к чату
[2025-08-13 20:11:01] ddd: ghbdrn
[2025-08-13 20:11:01] ddd: ghbdrn
[2025-08-13 20:11:01] ddd: ghbdrn
[2025-08-13 20:13:31] Masha: %s присоединился к чату
[2025-08-13 20:13:31] Alex: %s присоединился к чату
[2025-08-13 20:13:31] Gena: %s присоединился к чату
[2025-08-13 20:13:31] Alex: %s присоединился к чату
[2025-08-13 20:13:31] Alex: %s присоединился к чату
[2025-08-13 20:13:31] Alex: %s присоединился к чату
[2025-08-13 20:13:31] Gena: %s присоединился к чату
[2025-08-13 20:13:31] Gena: %s присоединился к чату
[2025-08-13 20:13:31] Masha: %s присоединился к чату
[2025-08-13 20:13:31] Gena: %s присоединился к чату
[2025-08-13 20:13:31] Masha: %s присоединился к чату
[2025-08-13 20:13:31] Masha: %s присоединился к чату
[2025-08-13 20:14:57] Masha: %s присоединился к чату
[2025-08-13 20:14:57] Alex: %s присоединился к чату
[2025-08-13 20:14:57] Gena: %s присоединился к чату
[2025-08-13 20:14:57] Masha: %s присоединился к чату
[2025-08-13 20:14:57] Masha: %s присоединился к чату
[2025-08-13 20:14:57] Gena: %s присоединился к чату
[2025-08-13 20:14:57] Masha: %s присоединился к чату
[2025-08-13 20:14:57] Alex: %s присоединился к чату
[2025-08-13 20:14:57] Gena: %s присоединился к чату
[2025-08-13 20:14:57] Gena: %s присоединился к чату
[2025-08-13 20:14:57] Alex: %s присоединился к чату
[2025-08-13 20:14:57] Alex: %s присоединился к чату
Тестовое сообщение
[2025-08-13 20:18:59] Alex: %s присоединился к чату
[2025-08-13 20:18:59] Alex: %s присоединился к чату
[2025-08-13 20:19:02] Olga: %s присоединился к чату
[2025-08-13 20:19:02] Olga: %s присоединился к чату
[2025-08-13 20:19:02] Olga: %s присоединился к чату
[2025-08-13 20:19:05] Gena: %s присоединился к чату
[2025-08-13 20:19:05] Gena: %s присоединился к чату
[2025-08-13 20:19:05] Gena: %s присоединился к чату
[2025-08-13 20:19:05] Gena: %s присоединился к чату
[2025-08-13 20:19:08] Gena: Привет
[2025-08-13 20:19:08] Gena: Привет
[2025-08-13 20:19:08] Gena: Привет
[2025-08-13 20:19:08] Gena: Привет
[2025-08-13 20:19:13] Alex: привет
[2025-08-13 20:19:13] Alex: привет
[2025-08-13 20:19:13] Alex: привет
[2025-08-13 20:19:13] Alex: привет
[2025-08-13 20:19:21] Olga: я выхожу
[2025-08-13 20:19:21] Olga: я выхожу
[2025-08-13 20:19:21] Olga: я выхожу
[2025-08-13 20:19:21] Olga: я выхожу
[2025-08-13 20:19:34] Olga: %s покинул(а) чат
[2025-08-13 20:19:34] Olga: %s покинул(а) чат
[2025-08-13 20:19:34] Olga: %s покинул(а) чат
[2025-08-13 20:22:02] Гена: пользователь присоединился к чату
[2025-08-13 20:22:02] Гена: пользователь присоединился к чату
[2025-08-13 20:22:05] Оля: пользователь присоединился к чату
[2025-08-13 20:22:05] Оля: пользователь присоединился к чату
[2025-08-13 20:22:05] Оля: пользователь присоединился к чату
[2025-08-13 20:22:08] Лешка: пользователь присоединился к чату
[2025-08-13 20:22:08] Лешка: пользователь присоединился к чату
[2025-08-13 20:22:08] Лешка: пользователь присоединился к чату
[2025-08-13 20:22:08] Лешка: пользователь присоединился к чату
[2025-08-13 20:22:12] Лешка: Всем привет
[2025-08-13 20:22:12] Лешка: Всем привет
[2025-08-13 20:22:12] Лешка: Всем привет
[2025-08-13 20:22:12] Лешка: Всем привет
[2025-08-13 20:22:20] Гена: Привет ,как твои дела
[2025-08-13 20:22:20] Гена: Привет ,как твои дела
[2025-08-13 20:22:20] Гена: Привет ,как твои дела
[2025-08-13 20:22:20] Гена: Привет ,как твои дела
[2025-08-13 20:22:26] Оля: Отлично, а твои
[2025-08-13 20:22:26] Оля: Отлично, а твои
[2025-08-13 20:22:26] Оля: Отлично, а твои
[2025-08-13 20:22:26] Оля: Отлично, а твои
[2025-08-13 20:22:30] Лешка: Тоже номр
[2025-08-13 20:22:30] Лешка: Тоже номр
[2025-08-13 20:22:30] Лешка: Тоже номр
[2025-08-13 20:22:30] Лешка: Тоже номр
[2025-08-13 20:22:40] Лешка: я пошел
[2025-08-13 20:22:40] Лешка: я пошел
[2025-08-13 20:22:40] Лешка: я пошел
[2025-08-13 20:22:40] Лешка: я пошел
[2025-08-13 20:22:41] Лешка: пользователь покинул чат
[2025-08-13 20:22:41] Лешка: пользователь покинул чат
[2025-08-13 20:22:41] Лешка: пользователь покинул чат
[2025-08-13 20:22:51] Оля: я тоже, пока
[2025-08-13 20:22:51] Оля: я тоже, пока
[2025-08-13 20:22:51] Оля: я тоже, пока
[2025-08-13 20:22:52] Оля: пользователь покинул чат
[2025-08-13 20:22:52] Оля: пользователь покинул чат
[2025-08-13 20:22:57] Гена: пока
[2025-08-13 20:22:57] Гена: пока
[2025-08-13 20:23:00] Гена: пользователь покинул чат
